Determining if the pthread_create exist failed with the following output:
Change Dir: /mnt/win_d/projects/ACENetwork/clang/CMakeFiles/CMakeTmp

Run Build Command:"/usr/bin/ninja" "cmTC_cd48b"
[1/2] Building C object CMakeFiles/cmTC_cd48b.dir/CheckSymbolExists.c.o
[2/2] Linking C executable cmTC_cd48b
FAILED: cmTC_cd48b 
: && /usr/bin/clang   -rdynamic CMakeFiles/cmTC_cd48b.dir/CheckSymbolExists.c.o  -o cmTC_cd48b   && :
/usr/bin/ld: CMakeFiles/cmTC_cd48b.dir/CheckSymbolExists.c.o: in function `main':
CheckSymbolExists.c:(.text+0x19): undefined reference to `pthread_create'
clang: error: linker command failed with exit code 1 (use -v to see invocation)
ninja: build stopped: subcommand failed.

File /mnt/win_d/projects/ACENetwork/clang/CMakeFiles/CMakeTmp/CheckSymbolExists.c:
/* */
#include <pthread.h>

int main(int argc, char** argv)
{
  (void)argv;
#ifndef pthread_create
  return ((int*)(&pthread_create))[argc];
#else
  (void)argc;
  return 0;
#endif
}

Determining if the function pthread_create exists in the pthreads failed with the following output:
Change Dir: /mnt/win_d/projects/ACENetwork/clang/CMakeFiles/CMakeTmp

Run Build Command:"/usr/bin/ninja" "cmTC_71f9f"
[1/2] Building C object CMakeFiles/cmTC_71f9f.dir/CheckFunctionExists.c.o
[2/2] Linking C executable cmTC_71f9f
FAILED: cmTC_71f9f 
: && /usr/bin/clang -DCHECK_FUNCTION_EXISTS=pthread_create  -rdynamic CMakeFiles/cmTC_71f9f.dir/CheckFunctionExists.c.o  -o cmTC_71f9f  -lpthreads && :
/usr/bin/ld: cannot find -lpthreads
clang: error: linker command failed with exit code 1 (use -v to see invocation)
ninja: build stopped: subcommand failed.


